============================================================
Few-Shot Voice Cloning — Experiment Analysis
============================================================

Loaded 1275 rows from outputs/fewshot/results.csv
  Speakers: [np.int64(1188), np.int64(1995), np.int64(4446), np.int64(4992), np.int64(5142)]
  Approaches: ['concat_audio', 'embed_avg', 'single_baseline']
  n_refs: [np.int64(1), np.int64(2), np.int64(3), np.int64(5)]
  Strategies: ['longest', 'random']
  Seeds: [np.int64(42), np.int64(123), np.int64(456)]

Summary Statistics
────────────────────────────────────────
Approach             n_refs Strategy                UTMOS ↑        Speaker Sim ↑                WER ↓
─────────────────────────────────────────────────────────────────────────────────────────────────────
Single Baseline           1 random            4.425 ± 0.094      0.9281 ± 0.0441        15.3% ± 12.0%
Concat Audio              1 longest           4.390 ± 0.168      0.9416 ± 0.0395        22.3% ± 22.1%
Concat Audio              1 random            4.431 ± 0.119      0.9259 ± 0.0470        15.9% ± 12.7%
Concat Audio              2 longest           4.366 ± 0.392      0.9470 ± 0.0357        24.1% ± 73.6%
Concat Audio              2 random            4.432 ± 0.126      0.9374 ± 0.0420        14.4% ± 11.1%
Concat Audio              3 longest           4.416 ± 0.098      0.9489 ± 0.0380        21.3% ± 18.0%
Concat Audio              3 random            4.390 ± 0.379      0.9409 ± 0.0444       81.6% ± 555.3%
Concat Audio              5 longest           4.400 ± 0.143      0.9483 ± 0.0366        15.7% ± 13.0%
Concat Audio              5 random            4.385 ± 0.381      0.9442 ± 0.0439       39.7% ± 229.6%
Embed Avg                 1 longest           4.470 ± 0.086      0.9359 ± 0.0372        13.4% ± 10.4%
Embed Avg                 1 random            4.462 ± 0.082      0.9206 ± 0.0450        14.5% ± 11.6%
Embed Avg                 2 longest           4.474 ± 0.087      0.9341 ± 0.0399        14.0% ± 10.8%
Embed Avg                 2 random            4.473 ± 0.072      0.9274 ± 0.0418        13.8% ± 11.3%
Embed Avg                 3 longest           4.469 ± 0.078      0.9391 ± 0.0372        15.0% ± 13.6%
Embed Avg                 3 random            4.483 ± 0.055      0.9304 ± 0.0392        14.5% ± 11.0%
Embed Avg                 5 longest           4.474 ± 0.054      0.9379 ± 0.0341        14.4% ± 11.9%
Embed Avg                 5 random            4.463 ± 0.103      0.9368 ± 0.0346        14.1% ± 11.4%

Top 5 Configurations by Speaker Similarity:

Rank  Approach             n_refs Strategy      Spk Sim    UTMOS      WER
─────────────────────────────────────────────────────────────────────────
   1  Concat Audio              3 longest    0.9489 ± 0.0380 4.416 ± 0.098 21.3% ± 18.0%
   2  Concat Audio              5 longest    0.9483 ± 0.0366 4.400 ± 0.143 15.7% ± 13.0%
   3  Concat Audio              2 longest    0.9470 ± 0.0357 4.366 ± 0.392 24.1% ± 73.6%
   4  Concat Audio              5 random     0.9442 ± 0.0439 4.385 ± 0.381 39.7% ± 229.6%
   5  Concat Audio              1 longest    0.9416 ± 0.0395 4.390 ± 0.168 22.3% ± 22.1%

Per-Speaker Statistics
────────────────────────────────────────
  Saved to outputs/fewshot/analysis/per_speaker_stats.csv

Significance Tests
────────────────────────────────────────
Approach          n Strategy   Metric       Test       Pairs    p-value     p-corr  Sig?  Cohen d Note
──────────────────────────────────────────────────────────────────────────────────────────────────────
concat_audio      1 longest    utmos        wilcoxon      75     0.0756     1.0000    no   -0.218 
concat_audio      1 longest    speaker_sim  wilcoxon      75     0.0014     0.0678    no    0.347 
concat_audio      1 longest    wer          wilcoxon      75     0.0054     0.2580    no    0.303 
concat_audio      1 random     utmos        wilcoxon      75     0.0548     1.0000    no    0.053 
concat_audio      1 random     speaker_sim  wilcoxon      75     0.5865     1.0000    no   -0.078 
concat_audio      1 random     wer          wilcoxon      75     0.3805     1.0000    no    0.096 
concat_audio      2 longest    utmos        wilcoxon      75     0.7363     1.0000    no   -0.145 
concat_audio      2 longest    speaker_sim  wilcoxon      74     0.0001     0.0024   yes    0.509 
concat_audio      2 longest    wer          wilcoxon      75     0.3281     1.0000    no    0.121 
concat_audio      2 random     utmos        wilcoxon      75     0.1348     1.0000    no    0.057 
concat_audio      2 random     speaker_sim  wilcoxon      75     0.0188     0.9015    no    0.254 
concat_audio      2 random     wer          wilcoxon      75     0.3186     1.0000    no   -0.107 
concat_audio      3 longest    utmos        wilcoxon      75     0.2235     1.0000    no   -0.076 
concat_audio      3 longest    speaker_sim  wilcoxon      75     0.0000     0.0001   yes    0.601 
concat_audio      3 longest    wer          wilcoxon      75     0.0039     0.1888    no    0.326 
concat_audio      3 random     utmos        wilcoxon      75     0.9605     1.0000    no   -0.096 
concat_audio      3 random     speaker_sim  wilcoxon      74     0.0018     0.0886    no    0.302 
concat_audio      3 random     wer          wilcoxon      75     0.1372     1.0000    no    0.120 
concat_audio      5 longest    utmos        wilcoxon      75     0.0847     1.0000    no   -0.177 
concat_audio      5 longest    speaker_sim  wilcoxon      75     0.0000     0.0000   yes    0.619 
concat_audio      5 longest    wer          wilcoxon      75     0.7420     1.0000    no    0.052 
concat_audio      5 random     utmos        wilcoxon      75     0.6650     1.0000    no   -0.107 
concat_audio      5 random     speaker_sim  wilcoxon      74     0.0000     0.0022   yes    0.381 
concat_audio      5 random     wer          wilcoxon      75     0.0239     1.0000    no    0.107 
embed_avg         1 longest    utmos        wilcoxon      75     0.0000     0.0003   yes    0.429 
embed_avg         1 longest    speaker_sim  wilcoxon      75     0.2079     1.0000    no    0.193 
embed_avg         1 longest    wer          wilcoxon      75     0.0081     0.3905    no   -0.300 
embed_avg         1 random     utmos        wilcoxon      75     0.0001     0.0040   yes    0.356 
embed_avg         1 random     speaker_sim  wilcoxon      75     0.0957     1.0000    no   -0.193 
embed_avg         1 random     wer          wilcoxon      75     0.2300     1.0000    no   -0.137 
embed_avg         2 longest    utmos        wilcoxon      75     0.0000     0.0000   yes    0.457 
embed_avg         2 longest    speaker_sim  wilcoxon      75     0.2618     1.0000    no    0.153 
embed_avg         2 longest    wer          wilcoxon      75     0.3043     1.0000    no   -0.151 
embed_avg         2 random     utmos        wilcoxon      75     0.0000     0.0001   yes    0.500 
embed_avg         2 random     speaker_sim  wilcoxon      75     0.5721     1.0000    no   -0.018 
embed_avg         2 random     wer          wilcoxon      75     0.1160     1.0000    no   -0.217 
embed_avg         3 longest    utmos        wilcoxon      75     0.0000     0.0001   yes    0.454 
embed_avg         3 longest    speaker_sim  wilcoxon      75     0.0619     1.0000    no    0.248 
embed_avg         3 longest    wer          wilcoxon      75     0.7212     1.0000    no   -0.029 
embed_avg         3 random     utmos        wilcoxon      75     0.0000     0.0000   yes    0.607 
embed_avg         3 random     speaker_sim  wilcoxon      75     0.9726     1.0000    no    0.052 
embed_avg         3 random     wer          wilcoxon      75     0.3468     1.0000    no   -0.091 
embed_avg         5 longest    utmos        wilcoxon      75     0.0000     0.0004   yes    0.551 
embed_avg         5 longest    speaker_sim  wilcoxon      75     0.0365     1.0000    no    0.245 
embed_avg         5 longest    wer          wilcoxon      75     0.4106     1.0000    no   -0.094 
embed_avg         5 random     utmos        wilcoxon      75     0.0000     0.0003   yes    0.321 
embed_avg         5 random     speaker_sim  wilcoxon      75     0.0445     1.0000    no    0.242 
embed_avg         5 random     wer          wilcoxon      75     0.1879     1.0000    no   -0.139 

LaTeX table saved to outputs/fewshot/analysis/main_results.tex

Generating plots...
  speaker_sim_by_approach
  utmos_by_approach
  scaling_curve
  strategy_heatmap
  Done.

============================================================
Analysis complete. Outputs in outputs/fewshot/analysis
============================================================
